<testsuite name="Mocha Tests" tests="53" failures="0" errors="0" skipped="0" timestamp="Sat, 16 Jul 2022 00:35:26 GMT" time="0.189">
<testcase classname="EventListener test bind to event with options" name="should not throw error" time="0"/>
<testcase classname="EventListener test bind to event with options" name="should throw error" time="0"/>
<testcase classname="EventListener test bind to event with options" name="should be executed with correct priority" time="0.001"/>
<testcase classname="EventListener test bind to event with options" name="should not be deferred" time="0"/>
<testcase classname="EventListener test bind to event with options" name="should be deferred" time="0.002"/>
<testcase classname="EventListener test bind to event with options" name="should not store data" time="0.001"/>
<testcase classname="EventListener test bind to event with options" name="should store data" time="0"/>
<testcase classname="EventListener test dispatch" name="dispatch is not deferred" time="0.002"/>
<testcase classname="EventListener test dispatch" name="dispatch is deferred" time="0.001"/>
<testcase classname="EventListener test dispatch" name="dispatch does not throw errors" time="0"/>
<testcase classname="EventListener test dispatch" name="dispatch throws errors" time="0"/>
<testcase classname="EventListener test dispatch" name="dispatch does not store data" time="0"/>
<testcase classname="EventListener test dispatch" name="dispatch stores data" time="0.021"/>
<testcase classname="EventListener basic tests" name="sets name" time="0"/>
<testcase classname="EventListener basic tests" name="dispatch" time="0"/>
<testcase classname="EventListener basic tests" name="subscribe" time="0.001"/>
<testcase classname="EventListener basic tests" name="unsubscribe" time="0"/>
<testcase classname="EventListener basic tests" name="subscribe with key" time="0"/>
<testcase classname="EventListener basic tests" name="unsubscribe with key" time="0.001"/>
<testcase classname="EventListener basic tests" name="waits until first dispatch, not dispatched yet" time="0.02"/>
<testcase classname="EventListener basic tests" name="waits until first dispatch, already dispatched" time="0.02"/>
<testcase classname="EventListener basic tests" name="it resets first dispatch, not dispatched yet" time="0.02"/>
<testcase classname="EventListener basic tests" name="it binds to another event" time="0"/>
<testcase classname="EventListener basic tests" name="it unbinds to another event" time="0"/>
<testcase classname="EventListener basic tests" name="it attachs an event" time="0.001"/>
<testcase classname="EventListener basic tests" name="it detaches an event" time="0"/>
<testcase classname="EventListener test subscribe with key with options" name="does not subscribe same function multiple times" time="0.001"/>
<testcase classname="EventListener test subscribe with key with options" name="does subscribe same function multiple times" time="0.001"/>
<testcase classname="EventListener test subscribe with key with options" name="does not subscribe multiple listeners with same key" time="0.001"/>
<testcase classname="EventListener test subscribe with key with options" name="does subscribe multiple listeners with same key" time="0.001"/>
<testcase classname="EventListener test subscribe with key with options" name="listeners are executed in correct order" time="0.001"/>
<testcase classname="EventListener test subscribe with key with options" name="does not throw errors" time="0.001"/>
<testcase classname="EventListener test subscribe with key with options" name="throws errors" time="0.001"/>
<testcase classname="EventListener test subscribe" name="does not subscribe same function multiple times" time="0"/>
<testcase classname="EventListener test subscribe" name="does subscribe same function multiple times" time="0"/>
<testcase classname="EventListener test subscribe" name="listeners are executed in correct order" time="0"/>
<testcase classname="EventListener test subscribe" name="does not throw errors" time="0.001"/>
<testcase classname="EventListener test subscribe" name="throws errors" time="0"/>
<testcase classname="EventListener test unbind from event with options" name="should not throw error" time="0"/>
<testcase classname="EventListener test unbind from event with options" name="should throw error" time="0.001"/>
<testcase classname="EventListener test unsubscribe with key with options" name="it does unsubscribe all listeners when a key has multiple subscribed listeners" time="0"/>
<testcase classname="EventListener test unsubscribe with key with options" name="it does unsubscribe only last listener when a key has multiple subscribed listeners" time="0.001"/>
<testcase classname="EventListener test unsubscribe with key with options" name="unsubscribe only the first function" time="0"/>
<testcase classname="EventListener test unsubscribe with key with options" name="unsubscribe all listeners with same function" time="0.001"/>
<testcase classname="EventListener test unsubscribe with key with options" name="does not throw errors" time="0"/>
<testcase classname="EventListener test unsubscribe with key with options" name="does throws errors" time="0.001"/>
<testcase classname="EventListener test unsubscribe with options" name="unsubscribe only the first function" time="0"/>
<testcase classname="EventListener test unsubscribe with options" name="unsubscribe all functions" time="0"/>
<testcase classname="EventListener test unsubscribe with options" name="does not throw errors" time="0"/>
<testcase classname="EventListener test unsubscribe with options" name="does throws errors" time="0.001"/>
<testcase classname="EventListener wait until first dispatch with options" name="does not reset current status" time="0.02"/>
<testcase classname="EventListener wait until first dispatch with options" name="resets status before wait" time="0.021"/>
<testcase classname="EventListener wait until first dispatch with options" name="resets status after dispatch" time="0.021"/>
</testsuite>
